<?xml version="1.0" encoding="UTF-8"?>
<!-- Generated by org.testng.reporters.JUnitReportReporter -->
<testsuite hostname="Admin" name="com.hrms.testscripts.TC_102" tests="1" failures="0" timestamp="4 May 2020 18:13:50 GMT" time="10.651" errors="0">
  <testcase name="TC_102" time="10.651" classname="com.hrms.testscripts.TC_102"/>
</testsuite> <!-- com.hrms.testscripts.TC_102 -->
